VSSSController/app/build/intermediates/manifest_merge_blame_file/debug/processDebugMainManifest/manifest-merger-blame-debug-report.txt
1<?xml version="1.0" encoding="utf-8"?>
2<manifest xmlns:android="http://schemas.android.com/apk/res/android"
3    package="com.example.vssscontroller"
4    android:versionCode="1"
5    android:versionName="1.0" >
6
7    <uses-sdk
7-->src\main\AndroidManifest.xml:4:5-6:41
8        android:minSdkVersion="24"
8-->src\main\AndroidManifest.xml:5:9-35
9        android:targetSdkVersion="35" />
9-->src\main\AndroidManifest.xml:6:9-38
10
11    <instrumentation
11-->src\main\AndroidManifest.xml:8:5-13:62
12        android:name="androidx.test.runner.AndroidJUnitRunner"
12-->src\main\AndroidManifest.xml:9:9-63
13        android:functionalTest="false"
13-->src\main\AndroidManifest.xml:10:9-39
14        android:handleProfiling="false"
14-->src\main\AndroidManifest.xml:11:9-40
15        android:label="Tests for com.example.vssscontroller"
15-->src\main\AndroidManifest.xml:12:9-61
16        android:targetPackage="com.example.vssscontroller" />
16-->src\main\AndroidManifest.xml:13:9-59
17
18    <uses-permission android:name="android.permission.REORDER_TASKS" />
18-->src\main\AndroidManifest.xml:15:5-72
18-->src\main\AndroidManifest.xml:15:22-69
19
20    <queries>
20-->src\main\AndroidManifest.xml:17:5-21:15
21        <package android:name="androidx.test.orchestrator" />
21-->src\main\AndroidManifest.xml:18:9-62
21-->src\main\AndroidManifest.xml:18:18-59
22        <package android:name="androidx.test.services" />
22-->src\main\AndroidManifest.xml:19:9-58
22-->src\main\AndroidManifest.xml:19:18-55
23        <package android:name="com.google.android.apps.common.testing.services" />
23-->src\main\AndroidManifest.xml:20:9-83
23-->src\main\AndroidManifest.xml:20:18-80
24    </queries>
25
26    <permission
26-->[androidx.core:core:1.12.0] AndroidManifest.xml:22:5-24:47
27        android:name="com.example.vssscontroller.DYNAMIC_RECEIVER_NOT_EXPORTED_PERMISSION"
27-->[androidx.core:core:1.12.0] AndroidManifest.xml:23:9-81
28        android:protectionLevel="signature" />
28-->[androidx.core:core:1.12.0] AndroidManifest.xml:24:9-44
29
30    <uses-permission android:name="com.example.vssscontroller.DYNAMIC_RECEIVER_NOT_EXPORTED_PERMISSION" />
30-->[androidx.core:core:1.12.0] AndroidManifest.xml:26:5-97
30-->[androidx.core:core:1.12.0] AndroidManifest.xml:26:22-94
31
32    <application
32-->src\main\AndroidManifest.xml:23:5-52:19
33        android:appComponentFactory="androidx.core.app.CoreComponentFactory"
33-->[androidx.core:core:1.12.0] AndroidManifest.xml:28:18-86
34        android:debuggable="true"
34-->src\main\AndroidManifest.xml:24:9-34
35        android:extractNativeLibs="false" >
35-->src\main\AndroidManifest.xml:25:9-42
36        <uses-library android:name="android.test.runner" />
36-->src\main\AndroidManifest.xml:26:9-60
36-->src\main\AndroidManifest.xml:26:23-57
37
38        <activity
38-->src\main\AndroidManifest.xml:28:9-35:20
39            android:name="androidx.test.core.app.InstrumentationActivityInvoker$BootstrapActivity"
39-->src\main\AndroidManifest.xml:29:13-99
40            android:exported="true"
40-->src\main\AndroidManifest.xml:30:13-36
41            android:theme="@style/WhiteBackgroundTheme" >
41-->src\main\AndroidManifest.xml:31:13-56
42            <intent-filter android:priority="-100" >
42-->src\main\AndroidManifest.xml:32:13-34:29
42-->src\main\AndroidManifest.xml:32:28-51
43                <category android:name="android.intent.category.LAUNCHER" />
43-->src\main\AndroidManifest.xml:33:17-77
43-->src\main\AndroidManifest.xml:33:27-74
44            </intent-filter>
45        </activity>
46        <activity
46-->src\main\AndroidManifest.xml:36:9-43:20
47            android:name="androidx.test.core.app.InstrumentationActivityInvoker$EmptyActivity"
47-->src\main\AndroidManifest.xml:37:13-95
48            android:exported="true"
48-->src\main\AndroidManifest.xml:38:13-36
49            android:theme="@style/WhiteBackgroundTheme" >
49-->src\main\AndroidManifest.xml:39:13-56
50            <intent-filter android:priority="-100" >
50-->src\main\AndroidManifest.xml:32:13-34:29
50-->src\main\AndroidManifest.xml:32:28-51
51                <category android:name="android.intent.category.LAUNCHER" />
51-->src\main\AndroidManifest.xml:33:17-77
51-->src\main\AndroidManifest.xml:33:27-74
52            </intent-filter>
53        </activity>
54        <activity
54-->src\main\AndroidManifest.xml:44:9-51:20
55            android:name="androidx.test.core.app.InstrumentationActivityInvoker$EmptyFloatingActivity"
55-->src\main\AndroidManifest.xml:45:13-103
56            android:exported="true"
56-->src\main\AndroidManifest.xml:46:13-36
57            android:theme="@style/WhiteBackgroundDialogTheme" >
57-->src\main\AndroidManifest.xml:47:13-62
58            <intent-filter android:priority="-100" >
58-->src\main\AndroidManifest.xml:32:13-34:29
58-->src\main\AndroidManifest.xml:32:28-51
59                <category android:name="android.intent.category.LAUNCHER" />
59-->src\main\AndroidManifest.xml:33:17-77
59-->src\main\AndroidManifest.xml:33:27-74
60            </intent-filter>
61        </activity>
62        <activity
62-->[androidx.compose.ui:ui-tooling-android:1.6.6] AndroidManifest.xml:23:9-25:39
63            android:name="androidx.compose.ui.tooling.PreviewActivity"
63-->[androidx.compose.ui:ui-tooling-android:1.6.6] AndroidManifest.xml:24:13-71
64            android:exported="true" />
64-->[androidx.compose.ui:ui-tooling-android:1.6.6] AndroidManifest.xml:25:13-36
65        <activity
65-->[androidx.compose.ui:ui-test-manifest:1.6.6] AndroidManifest.xml:23:9-25:39
66            android:name="androidx.activity.ComponentActivity"
66-->[androidx.compose.ui:ui-test-manifest:1.6.6] AndroidManifest.xml:24:13-63
67            android:exported="true" />
67-->[androidx.compose.ui:ui-test-manifest:1.6.6] AndroidManifest.xml:25:13-36
68
69        <provider
69-->[androidx.emoji2:emoji2:1.3.0] AndroidManifest.xml:24:9-32:20
70            android:name="androidx.startup.InitializationProvider"
70-->[androidx.emoji2:emoji2:1.3.0] AndroidManifest.xml:25:13-67
71            android:authorities="com.example.vssscontroller.androidx-startup"
71-->[androidx.emoji2:emoji2:1.3.0] AndroidManifest.xml:26:13-68
72            android:exported="false" >
72-->[androidx.emoji2:emoji2:1.3.0] AndroidManifest.xml:27:13-37
73            <meta-data
73-->[androidx.emoji2:emoji2:1.3.0] AndroidManifest.xml:29:13-31:52
74                android:name="androidx.emoji2.text.EmojiCompatInitializer"
74-->[androidx.emoji2:emoji2:1.3.0] AndroidManifest.xml:30:17-75
75                android:value="androidx.startup" />
75-->[androidx.emoji2:emoji2:1.3.0] AndroidManifest.xml:31:17-49
76            <meta-data
76-->[androidx.lifecycle:lifecycle-process:2.6.1] AndroidManifest.xml:29:13-31:52
77                android:name="androidx.lifecycle.ProcessLifecycleInitializer"
77-->[androidx.lifecycle:lifecycle-process:2.6.1] AndroidManifest.xml:30:17-78
78                android:value="androidx.startup" />
78-->[androidx.lifecycle:lifecycle-process:2.6.1] AndroidManifest.xml:31:17-49
79            <meta-data
79-->[androidx.profileinstaller:profileinstaller:1.3.0] AndroidManifest.xml:29:13-31:52
80                android:name="androidx.profileinstaller.ProfileInstallerInitializer"
80-->[androidx.profileinstaller:profileinstaller:1.3.0] AndroidManifest.xml:30:17-85
81                android:value="androidx.startup" />
81-->[androidx.profileinstaller:profileinstaller:1.3.0] AndroidManifest.xml:31:17-49
82        </provider>
83
84        <receiver
84-->[androidx.profileinstaller:profileinstaller:1.3.0] AndroidManifest.xml:34:9-52:20
85            android:name="androidx.profileinstaller.ProfileInstallReceiver"
85-->[androidx.profileinstaller:profileinstaller:1.3.0] AndroidManifest.xml:35:13-76
86            android:directBootAware="false"
86-->[androidx.profileinstaller:profileinstaller:1.3.0] AndroidManifest.xml:36:13-44
87            android:enabled="true"
87-->[androidx.profileinstaller:profileinstaller:1.3.0] AndroidManifest.xml:37:13-35
88            android:exported="true"
88-->[androidx.profileinstaller:profileinstaller:1.3.0] AndroidManifest.xml:38:13-36
89            android:permission="android.permission.DUMP" >
89-->[androidx.profileinstaller:profileinstaller:1.3.0] AndroidManifest.xml:39:13-57
90            <intent-filter>
90-->[androidx.profileinstaller:profileinstaller:1.3.0] AndroidManifest.xml:40:13-42:29
91                <action android:name="androidx.profileinstaller.action.INSTALL_PROFILE" />
91-->[androidx.profileinstaller:profileinstaller:1.3.0] AndroidManifest.xml:41:17-91
91-->[androidx.profileinstaller:profileinstaller:1.3.0] AndroidManifest.xml:41:25-88
92            </intent-filter>
93            <intent-filter>
93-->[androidx.profileinstaller:profileinstaller:1.3.0] AndroidManifest.xml:43:13-45:29
94                <action android:name="androidx.profileinstaller.action.SKIP_FILE" />
94-->[androidx.profileinstaller:profileinstaller:1.3.0] AndroidManifest.xml:44:17-85
94-->[androidx.profileinstaller:profileinstaller:1.3.0] AndroidManifest.xml:44:25-82
95            </intent-filter>
96            <intent-filter>
96-->[androidx.profileinstaller:profileinstaller:1.3.0] AndroidManifest.xml:46:13-48:29
97                <action android:name="androidx.profileinstaller.action.SAVE_PROFILE" />
97-->[androidx.profileinstaller:profileinstaller:1.3.0] AndroidManifest.xml:47:17-88
97-->[androidx.profileinstaller:profileinstaller:1.3.0] AndroidManifest.xml:47:25-85
98            </intent-filter>
99            <intent-filter>
99-->[androidx.profileinstaller:profileinstaller:1.3.0] AndroidManifest.xml:49:13-51:29
100                <action android:name="androidx.profileinstaller.action.BENCHMARK_OPERATION" />
100-->[androidx.profileinstaller:profileinstaller:1.3.0] AndroidManifest.xml:50:17-95
100-->[androidx.profileinstaller:profileinstaller:1.3.0] AndroidManifest.xml:50:25-92
101            </intent-filter>
102        </receiver>
103    </application>
104
105</manifest>